
[1] "Date and Time:2021-07-12 08:30:56"
Error in file(file, "rt") : cannot open the connection
Calls: read.csv -> read.table -> file
Execution halted

[1] "Date and Time:2021-07-12 08:36:15"

[1] "Date and Time:2021-07-12 08:38:39"
Error in file(file, "rt") : cannot open the connection
Calls: read.csv -> read.table -> file
Execution halted

[1] "---------------------------------------------------------"
[1] "---------------------------------------------------------"
[1] "Date and Time:2021-07-12 11:12:57"
[1] "WS626: 957080700-2020-04-30"
[1] "WS626: 957296100-2020-05-02"
[1] "WS626: 961468800-2020-06-20"
[1] "WS626: 963729300-2020-07-16"
[1] "WS626: 965275800-2020-08-03"
[1] "WS703: 976452601-2020-12-10"
Files trashed:
  * 976452601.WS703.2020-12-10.xlsx: 1tuPPtshQ9hVfBzJ5bjOtdci5Fx1PiP4p
[1] "WS703: 976617901-2020-12-12"
[1] "WS703: 976881301-2020-12-15"
[1] "WS703: 976887001-2020-12-15"
[1] "WS703: 976909201-2020-12-15"
Error: Failed to fetch row: ERROR:  null value in column "date" violates not-null constraint
DETAIL:  Failing row contains (976452601, 703, 20, null, 5.9, 13:06:43, 74.79, 74.53, 74.20, 74.80, 0.15, C, 4.943, 0.940, 6.889, OS, C, 4.29, null).
Execution halted

[1] "---------------------------------------------------------"
[1] "---------------------------------------------------------"
[1] "Date and Time:2021-07-12 11:37:03"
[1] "WS626: 966807600-2020-08-20"
[1] "WS626: 966811500-2020-08-20"
[1] "WS626: 966817500-2020-08-21"
[1] "WS626: 966823200-2020-08-21"
[1] "WS626: 971091000-2020-10-09"
[1] "WS703: 976452601-2020-12-10"
Files trashed:
  * 976452601.WS703.2020-12-10.xlsx: 1yov_fJHolZbtpbY-_haZKo2ijWgOj9OY
[1] "WS703: 976617901-2020-12-12"
Files trashed:
  * 976617901.WS703.2020-12-12.xlsx: 1T6KxGTZ3_aYGCEz8cWAYBQJIo0TelmwH
[1] "WS703: 976881301-2020-12-15"
Files trashed:
  * 976881301.WS703.2020-12-15.xlsx: 1CTgBQFGLqOWf3FH_vr0YAumC0QHSQaFk
[1] "WS703: 976887001-2020-12-15"
Files trashed:
  * 976887001.WS703.2020-12-15.xlsx: 1OsnU2DzPI7onBiD0JLWTIdryZLl62RyK
[1] "WS703: 978428101-2021-01-02"
[1] "WS844: 975268201-2020-11-26"
Files trashed:
  * 975268201.WS844.2020-11-26.xlsx: 1l9nJzWED7dguOUtaR347Wyb_5BAO4r1L
[1] "WS844: 975272701-2020-11-26"
[1] "WS844: 975277801-2020-11-26"
[1] "WS844: 975282901-2020-11-27"
[1] "WS844: 975289201-2020-11-27"
[1] "WS1015: 975275401-2020-11-26"
[1] "WS1015: 975283801-2020-11-27"
[1] "WS1015: 975292201-2020-11-27"
[1] "WS1015: 975296101-2020-11-27"
[1] "WS1015: 975305701-2020-11-27"
[1] "---------------------------------------------------"
[1] "---------------------------------------------------"

[1] "---------------------------------------------------------"
[1] "---------------------------------------------------------"
[1] "Date and Time:2021-07-12 11:57:34"
[1] "WS626: 971668200-2020-10-16"
[1] "---------------------------------------------------"
[1] "---------------------------------------------------"

[1] "---------------------------------------------------------"
[1] "---------------------------------------------------------"
[1] "Date and Time:2021-07-12 12:19:50"
[1] "WS626: 975551700-2020-11-30"
[1] "---------------------------------------------------"
[1] "---------------------------------------------------"

[1] "---------------------------------------------------------"
[1] "---------------------------------------------------------"
[1] "Date and Time:2021-07-12 12:22:22"
Error in file(file, "rt") : cannot open the connection
Calls: read.csv -> read.table -> file
Execution halted

[1] "---------------------------------------------------------"
[1] "---------------------------------------------------------"
[1] "Date and Time:2021-07-12 13:42:14"
[1] "WS626: 975556200-2020-11-30"
[1] "WS703: 982740301-2021-02-21"
[1] "WS844: 975301801-2020-11-27"
[1] "WS1015: 975314401-2020-11-27"
[1] "---------------------------------------------------"
[1] "---------------------------------------------------"

[1] "---------------------------------------------------------"
[1] "---------------------------------------------------------"
[1] "Date and Time:2021-07-12 14:05:01"
[1] "WS626: 975564000-2020-11-30"
[1] "WS703: 982744801-2021-02-21"
[1] "WS844: 975310501-2020-11-27"
[1] "WS1015: 975318901-2020-11-27"
[1] "---------------------------------------------------"
[1] "---------------------------------------------------"

[1] "---------------------------------------------------------"
[1] "---------------------------------------------------------"
[1] "Date and Time:2021-07-12 14:10:01"
[1] "WS626: 975570600-2020-11-30"
[1] "WS703: 982751101-2021-02-21"
[1] "WS844: 975318301-2020-11-27"
[1] "WS1015: 975324301-2020-11-27"
[1] "---------------------------------------------------"
[1] "---------------------------------------------------"

[1] "---------------------------------------------------------"
[1] "---------------------------------------------------------"
[1] "Date and Time:2021-07-12 14:13:51"
[1] "WS626: 975576600-2020-11-30"
[1] "WS626: 975584100-2020-11-30"
[1] "WS626: 975588600-2020-11-30"
[1] "WS626: 976132200-2020-12-06"
[1] "WS626: 976140000-2020-12-06"
[1] "WS703: 982756201-2021-02-21"
[1] "WS703: 982772401-2021-02-21"
[1] "WS703: 982779001-2021-02-21"
[1] "WS844: 975328201-2020-11-27"
[1] "WS844: 975333001-2020-11-27"
[1] "WS844: 975345301-2020-11-27"
[1] "WS844: 975547801-2020-11-30"
[1] "WS844: 976132802-2020-12-06"
[1] "WS1015: 975329101-2020-11-27"
[1] "WS1015: 975370801-2020-11-28"
[1] "---------------------------------------------------"
[1] "---------------------------------------------------"

[1] "---------------------------------------------------------"
[1] "---------------------------------------------------------"
[1] "Date and Time:2021-07-12 14:30:30"
[1] "WS626: 976144800-2020-12-06"
[1] "WS626: 976165500-2020-12-07"
[1] "WS626: 976173600-2020-12-07"
[1] "WS626: 976887600-2020-12-15"
[1] "WS626: 982729800-2021-02-21"
[1] "There are no new dump events to record"
[1] "-------------------------------------------"
[1] "-------------------------------------------"

[1] "---------------------------------------------------------"
[1] "---------------------------------------------------------"
[1] "Date and Time:2021-07-12 14:32:33"
[1] "WS626: 982734300-2021-02-21"
[1] "WS626: 982738500-2021-02-21"
[1] "WS626: 982752600-2021-02-21"
[1] "There are no new dump events to record"
[1] "-------------------------------------------"
[1] "-------------------------------------------"

[1] "---------------------------------------------------------"
[1] "---------------------------------------------------------"
[1] "Date and Time:2021-07-12 14:40:31"
[1] "There are no new dump events to record"
[1] "-------------------------------------------"
[1] "-------------------------------------------"

[1] "---------------------------------------------------------"
[1] "---------------------------------------------------------"
[1] "Date and Time:2021-07-12 14:52:35"
[1] "There are no new dump events to record for site 626"
[1] "There are no new dump events to record for site 703"
[1] "WS844: 976139401-2020-12-06"
[1] "WS844: 979180201-2021-01-11"
[1] "WS844: 979185301-2021-01-11"
[1] "WS844: 982742101-2021-02-21"
[1] "There are no new dump events to record for site 1015"
[1] "---------------------------------------------------"
[1] "---------------------------------------------------"

[1] "---------------------------------------------------------"
[1] "---------------------------------------------------------"
[1] "Date and Time:2021-07-12 14:54:01"
[1] "There are no new dump events to record for site 626"
[1] "There are no new dump events to record for site 703"
[1] "There are no new dump events to record for site 844"
[1] "There are no new dump events to record for site 1015"
[1] "---------------------------------------------------"
[1] "---------------------------------------------------"

[1] "---------------------------------------------------------"
[1] "---------------------------------------------------------"
[1] "Date and Time:2021-07-17 20:01:02"
[1] "There are no new dump events to record for site 626"
[1] "There are no new dump events to record for site 703"
[1] "There are no new dump events to record for site 844"
[1] "There are no new dump events to record for site 1015"
[1] "---------------------------------------------------"
[1] "---------------------------------------------------"

[1] "---------------------------------------------------------"
[1] "---------------------------------------------------------"
[1] "Date and Time:2021-07-21 11:21:14"
[1] "There are no new dump events to record for site 626"
[1] "There are no new dump events to record for site 703"
[1] "There are no new dump events to record for site 844"
[1] "There are no new dump events to record for site 1015"
[1] "---------------------------------------------------"
[1] "---------------------------------------------------"

[1] "---------------------------------------------------------"
[1] "---------------------------------------------------------"
[1] "Date and Time:2021-07-24 20:01:02"
[1] "There are no new dump events to record for site 626"
[1] "There are no new dump events to record for site 703"
[1] "There are no new dump events to record for site 844"
[1] "There are no new dump events to record for site 1015"
[1] "---------------------------------------------------"
[1] "---------------------------------------------------"

[1] "---------------------------------------------------------"
[1] "---------------------------------------------------------"
[1] "Date and Time:2021-07-26 15:35:48"
[1] "There are no new dump events to record for site 626"
[1] "There are no new dump events to record for site 703"
[1] "There are no new dump events to record for site 844"
[1] "There are no new dump events to record for site 1015"
[1] "---------------------------------------------------"
[1] "---------------------------------------------------"
